<?xml version="1.0" encoding="UTF-8"?>
<coverage generated="1662008161824" clover="3.2.0">
  <project timestamp="1662008161825" name="All files">
    <metrics statements="28" coveredstatements="2" conditionals="0" coveredconditionals="0" methods="9" coveredmethods="0" elements="37" coveredelements="2" complexity="0" loc="28" ncloc="28" packages="1" files="3" classes="3"/>
    <file name="App.js" path="C:\Users\vinniiee\Desktop\deployment_projects\complex\client\src\App.js">
      <metrics statements="1" coveredstatements="0" conditionals="0" coveredconditionals="0" methods="1" coveredmethods="0"/>
      <line num="8" count="0" type="stmt"/>
    </file>
    <file name="Fib.js" path="C:\Users\vinniiee\Desktop\deployment_projects\complex\client\src\Fib.js">
      <metrics statements="25" coveredstatements="1" conditionals="0" coveredconditionals="0" methods="7" coveredmethods="0"/>
      <line num="4" count="1" type="stmt"/>
      <line num="5" count="0" type="stmt"/>
      <line num="6" count="0" type="stmt"/>
      <line num="7" count="0" type="stmt"/>
      <line num="8" count="0" type="stmt"/>
      <line num="10" count="0" type="stmt"/>
      <line num="11" count="0" type="stmt"/>
      <line num="12" count="0" type="stmt"/>
      <line num="13" count="0" type="stmt"/>
      <line num="16" count="0" type="stmt"/>
      <line num="17" count="0" type="stmt"/>
      <line num="18" count="0" type="stmt"/>
      <line num="21" count="0" type="stmt"/>
      <line num="22" count="0" type="stmt"/>
      <line num="25" count="0" type="stmt"/>
      <line num="27" count="0" type="stmt"/>
      <line num="28" count="0" type="stmt"/>
      <line num="30" count="0" type="stmt"/>
      <line num="45" count="0" type="stmt"/>
      <line num="46" count="0" type="stmt"/>
      <line num="48" count="0" type="stmt"/>
      <line num="49" count="0" type="stmt"/>
      <line num="50" count="0" type="stmt"/>
      <line num="54" count="0" type="stmt"/>
      <line num="57" count="0" type="stmt"/>
    </file>
    <file name="OtherPage.js" path="C:\Users\vinniiee\Desktop\deployment_projects\complex\client\src\OtherPage.js">
      <metrics statements="2" coveredstatements="1" conditionals="0" coveredconditionals="0" methods="1" coveredmethods="0"/>
      <line num="5" count="1" type="stmt"/>
      <line num="6" count="0" type="stmt"/>
    </file>
  </project>
</coverage>
