{"C:\\Users\\vinniiee\\Desktop\\deployment_projects\\complex\\client\\src\\App.js": {"path":"C:\\Users\\vinniiee\\Desktop\\deployment_projects\\complex\\client\\src\\App.js","statementMap":{"0":{"start":{"line":8,"column":2},"end":{"line":26,"column":4}}},"fnMap":{"0":{"name":"App","decl":{"start":{"line":7,"column":9},"end":{"line":7,"column":12}},"loc":{"start":{"line":7,"column":15},"end":{"line":27,"column":1}},"line":7}},"branchMap":{},"s":{"0":0},"f":{"0":0},"b":{},"_coverageSchema":"1a1c01bbd47fc00a2c39e90264f33305004495a9","hash":"148db8709afaae50d7be083aa411f78334106816"}
,"C:\\Users\\vinniiee\\Desktop\\deployment_projects\\complex\\client\\src\\Fib.js": {"path":"C:\\Users\\vinniiee\\Desktop\\deployment_projects\\complex\\client\\src\\Fib.js","statementMap":{"0":{"start":{"line":4,"column":19},"end":{"line":70,"column":1}},"1":{"start":{"line":5,"column":40},"end":{"line":5,"column":52}},"2":{"start":{"line":6,"column":30},"end":{"line":6,"column":42}},"3":{"start":{"line":7,"column":28},"end":{"line":7,"column":40}},"4":{"start":{"line":8,"column":29},"end":{"line":8,"column":44}},"5":{"start":{"line":10,"column":2},"end":{"line":23,"column":15}},"6":{"start":{"line":11,"column":24},"end":{"line":14,"column":5}},"7":{"start":{"line":12,"column":21},"end":{"line":12,"column":59}},"8":{"start":{"line":13,"column":6},"end":{"line":13,"column":29}},"9":{"start":{"line":16,"column":25},"end":{"line":19,"column":5}},"10":{"start":{"line":17,"column":26},"end":{"line":17,"column":60}},"11":{"start":{"line":18,"column":6},"end":{"line":18,"column":39}},"12":{"start":{"line":21,"column":4},"end":{"line":21,"column":19}},"13":{"start":{"line":22,"column":4},"end":{"line":22,"column":18}},"14":{"start":{"line":25,"column":26},"end":{"line":25,"column":75}},"15":{"start":{"line":25,"column":58},"end":{"line":25,"column":64}},"16":{"start":{"line":27,"column":17},"end":{"line":27,"column":19}},"17":{"start":{"line":28,"column":2},"end":{"line":34,"column":3}},"18":{"start":{"line":30,"column":4},"end":{"line":32,"column":12}},"19":{"start":{"line":45,"column":24},"end":{"line":51,"column":3}},"20":{"start":{"line":46,"column":4},"end":{"line":46,"column":27}},"21":{"start":{"line":48,"column":4},"end":{"line":48,"column":50}},"22":{"start":{"line":49,"column":4},"end":{"line":49,"column":17}},"23":{"start":{"line":50,"column":4},"end":{"line":50,"column":23}},"24":{"start":{"line":54,"column":2},"end":{"line":65,"column":9}},"25":{"start":{"line":57,"column":45},"end":{"line":57,"column":69}}},"fnMap":{"0":{"name":"(anonymous_0)","decl":{"start":{"line":4,"column":19},"end":{"line":4,"column":20}},"loc":{"start":{"line":4,"column":25},"end":{"line":70,"column":1}},"line":4},"1":{"name":"(anonymous_1)","decl":{"start":{"line":10,"column":12},"end":{"line":10,"column":13}},"loc":{"start":{"line":10,"column":18},"end":{"line":23,"column":3}},"line":10},"2":{"name":"(anonymous_2)","decl":{"start":{"line":11,"column":24},"end":{"line":11,"column":25}},"loc":{"start":{"line":11,"column":36},"end":{"line":14,"column":5}},"line":11},"3":{"name":"(anonymous_3)","decl":{"start":{"line":16,"column":25},"end":{"line":16,"column":26}},"loc":{"start":{"line":16,"column":37},"end":{"line":19,"column":5}},"line":16},"4":{"name":"(anonymous_4)","decl":{"start":{"line":25,"column":42},"end":{"line":25,"column":43}},"loc":{"start":{"line":25,"column":58},"end":{"line":25,"column":64}},"line":25},"5":{"name":"(anonymous_5)","decl":{"start":{"line":45,"column":24},"end":{"line":45,"column":25}},"loc":{"start":{"line":45,"column":39},"end":{"line":51,"column":3}},"line":45},"6":{"name":"(anonymous_6)","decl":{"start":{"line":57,"column":39},"end":{"line":57,"column":40}},"loc":{"start":{"line":57,"column":45},"end":{"line":57,"column":69}},"line":57}},"branchMap":{},"s":{"0":1,"1":0,"2":0,"3":0,"4":0,"5":0,"6":0,"7":0,"8":0,"9":0,"10":0,"11":0,"12":0,"13":0,"14":0,"15":0,"16":0,"17":0,"18":0,"19":0,"20":0,"21":0,"22":0,"23":0,"24":0,"25":0},"f":{"0":0,"1":0,"2":0,"3":0,"4":0,"5":0,"6":0},"b":{},"_coverageSchema":"1a1c01bbd47fc00a2c39e90264f33305004495a9","hash":"26887d76939323615e3b43e84086ad657d8935a7"}
,"C:\\Users\\vinniiee\\Desktop\\deployment_projects\\complex\\client\\src\\OtherPage.js": {"path":"C:\\Users\\vinniiee\\Desktop\\deployment_projects\\complex\\client\\src\\OtherPage.js","statementMap":{"0":{"start":{"line":5,"column":25},"end":{"line":11,"column":1}},"1":{"start":{"line":6,"column":4},"end":{"line":10,"column":6}}},"fnMap":{"0":{"name":"(anonymous_0)","decl":{"start":{"line":5,"column":25},"end":{"line":5,"column":26}},"loc":{"start":{"line":5,"column":29},"end":{"line":11,"column":1}},"line":5}},"branchMap":{},"s":{"0":1,"1":0},"f":{"0":0},"b":{},"_coverageSchema":"1a1c01bbd47fc00a2c39e90264f33305004495a9","hash":"04923895079ce7fac525d3233333001d13d34327"}
}
